Using pre-set license
Built from '2020.3/staging' branch; Version is '2020.3.13f1 (71691879b7f5) revision 7432472'; Using compiler version '192528614'; Build Type 'Release'
OS: 'Windows 10 Home; OS build 19041.1083; Version 2004; 64bit' Language: 'en' Physical Memory: 16118 MB
BatchMode: 1, IsHumanControllingUs: 0, StartBugReporterOnCrash: 0, Is64bit: 1, IsPro: 0

 COMMAND LINE ARGUMENTS:
C:\Users\ctran\Desktop\unity projects\2020.3.13f1\Editor\Unity.exe
-adb2
-batchMode
-noUpm
-name
AssetImportWorker1
-projectPath
C:/Users/ctran/Documents/GitHub/Lain-RG
-logFile
Logs/AssetImportWorker1.log
-srvPort
12737
Successfully changed project path to: C:/Users/ctran/Documents/GitHub/Lain-RG
C:/Users/ctran/Documents/GitHub/Lain-RG
Using Asset Import Pipeline V2.
Refreshing native plugins compatible for Editor in 36.00 ms, found 3 plugins.
Preloading 0 native plugins for Editor in 0.00 ms.
Initialize engine version: 2020.3.13f1 (71691879b7f5)
[Subsystems] Discovering subsystems at path C:/Users/ctran/Desktop/unity projects/2020.3.13f1/Editor/Data/Resources/UnitySubsystems
[Subsystems] Discovering subsystems at path C:/Users/ctran/Documents/GitHub/Lain-RG/Assets
GfxDevice: creating device client; threaded=0
Direct3D:
    Version:  Direct3D 11.0 [level 11.1]
    Renderer: NVIDIA GeForce GTX 1660 Ti (ID=0x2182)
    Vendor:   
    VRAM:     5991 MB
    Driver:   30.0.14.7111
Initialize mono
Mono path[0] = 'C:/Users/ctran/Desktop/unity projects/2020.3.13f1/Editor/Data/Managed'
Mono path[1] = 'C:/Users/ctran/Desktop/unity projects/2020.3.13f1/Editor/Data/MonoBleedingEdge/lib/mono/unityjit'
Mono config path = 'C:/Users/ctran/Desktop/unity projects/2020.3.13f1/Editor/Data/MonoBleedingEdge/etc'
Using monoOptions --debugger-agent=transport=dt_socket,embedding=1,server=y,suspend=n,address=127.0.0.1:56284
Begin MonoManager ReloadAssembly
Registering precompiled unity dll's ...
Register platform support module: C:/Users/ctran/Desktop/unity projects/2020.3.13f1/Editor/Data/PlaybackEngines/WindowsStandaloneSupport/UnityEditor.WindowsStandalone.Extensions.dll
Registered in 0.001813 seconds.
Native extension for WindowsStandalone target not found
Refreshing native plugins compatible for Editor in 33.28 ms, found 3 plugins.
Preloading 0 native plugins for Editor in 0.00 ms.
Mono: successfully reloaded assembly
- Completed reload, in  1.376 seconds
Platform modules already initialized, skipping
Registering precompiled user dll's ...
Registered in 0.004184 seconds.
Begin MonoManager ReloadAssembly
Native extension for WindowsStandalone target not found
Refreshing native plugins compatible for Editor in 32.70 ms, found 3 plugins.
Preloading 0 native plugins for Editor in 0.00 ms.
Mono: successfully reloaded assembly
- Completed reload, in  0.894 seconds
Platform modules already initialized, skipping
========================================================================
Worker process is ready to serve import requests
Launched and connected shader compiler UnityShaderCompiler.exe after 0.04 seconds
Refreshing native plugins compatible for Editor in 0.39 ms, found 3 plugins.
Preloading 0 native plugins for Editor in 0.00 ms.
Unloading 2094 Unused Serialized files (Serialized files now loaded: 0)
System memory in use before: 93.8 MB.
System memory in use after: 93.7 MB.

Unloading 33 unused Assets to reduce memory usage. Loaded Objects now: 2531.
Total: 1.981400 ms (FindLiveObjects: 0.184600 ms CreateObjectMapping: 0.081400 ms MarkObjects: 1.613700 ms  DeleteObjects: 0.101000 ms)

AssetImportParameters requested are different than current active one (requested -> active):
  custom:framework-win-MediaFoundation: 216162199b28c13a410421893ffa2e32 -> 
  custom:video-decoder-ogg-theora: a1e56fd34408186e4bbccfd4996cb3dc -> 
  custom:container-muxer-webm: aa71ff27fc2769a1b78a27578f13a17b -> 
  custom:container-demuxer-webm: 4f35f7cbe854078d1ac9338744f61a02 -> 
  custom:container-demuxer-ogg: 62fdf1f143b41e24485cea50d1cbac27 -> 
  custom:video-encoder-webm-vp8: eb34c28f22e8b96e1ab97ce403110664 -> 
  custom:video-codec-MediaFoundation-h265: 746d11721c4dcdbdad8f713fa42b33f4 -> 
  custom:video-decoder-webm-vp8: 9c59270c3fd7afecdb556c50c9e8de78 -> 
  custom:audio-decoder-ogg-vorbis: bf7c407c2cedff20999df2af8eb42d56 -> 
  custom:audio-encoder-webm-vorbis: bf7c407c2cedff20999df2af8eb42d56 -> 
========================================================================
Received Prepare
Refreshing native plugins compatible for Editor in 3.68 ms, found 3 plugins.
Preloading 0 native plugins for Editor in 0.00 ms.
Unloading 19 Unused Serialized files (Serialized files now loaded: 0)
System memory in use before: 52.5 MB.
System memory in use after: 52.5 MB.

Unloading 19 unused Assets to reduce memory usage. Loaded Objects now: 2531.
Total: 1.829400 ms (FindLiveObjects: 0.174000 ms CreateObjectMapping: 0.086300 ms MarkObjects: 1.494500 ms  DeleteObjects: 0.074000 ms)

AssetImportParameters requested are different than current active one (requested -> active):
  custom:framework-win-MediaFoundation: 216162199b28c13a410421893ffa2e32 -> 
  custom:video-decoder-ogg-theora: a1e56fd34408186e4bbccfd4996cb3dc -> 
  custom:container-muxer-webm: aa71ff27fc2769a1b78a27578f13a17b -> 
  custom:container-demuxer-webm: 4f35f7cbe854078d1ac9338744f61a02 -> 
  custom:container-demuxer-ogg: 62fdf1f143b41e24485cea50d1cbac27 -> 
  custom:video-encoder-webm-vp8: eb34c28f22e8b96e1ab97ce403110664 -> 
  custom:video-codec-MediaFoundation-h265: 746d11721c4dcdbdad8f713fa42b33f4 -> 
  custom:video-decoder-webm-vp8: 9c59270c3fd7afecdb556c50c9e8de78 -> 
  custom:audio-decoder-ogg-vorbis: bf7c407c2cedff20999df2af8eb42d56 -> 
  custom:audio-encoder-webm-vorbis: bf7c407c2cedff20999df2af8eb42d56 -> 
========================================================================
Received Import Request.
  path: Assets/Scenes/WinScene 1.unity
  artifactKey: Guid(5b300fd1b8429b54abeddd2ba2e3ee45) Importer(815301076,1909f56bfc062723c751e8b465ee728b)
Start importing Assets/Scenes/WinScene 1.unity using Guid(5b300fd1b8429b54abeddd2ba2e3ee45) Importer(815301076,1909f56bfc062723c751e8b465ee728b)  -> (artifact id: 'b94759e3a6ea6a4ee5d34249d6f19bc1') in 0.008967 seconds 
  Import took 0.012143 seconds .

========================================================================
Received Import Request.
  Time since last request: 8.117375 seconds.
  path: Assets/Scenes/LoadScene.unity
  artifactKey: Guid(5b300fd1b8429b54abeddd2ba2e3ee45) Importer(815301076,1909f56bfc062723c751e8b465ee728b)
Start importing Assets/Scenes/LoadScene.unity using Guid(5b300fd1b8429b54abeddd2ba2e3ee45) Importer(815301076,1909f56bfc062723c751e8b465ee728b)  -> (artifact id: '2363767f91e2d8da3d2f61d5a0af22bc') in 0.002151 seconds 
  Import took 0.004666 seconds .

========================================================================
Received Import Request.
  Time since last request: 6.964016 seconds.
  path: Assets/Scenes/TransitionScene.unity
  artifactKey: Guid(5b300fd1b8429b54abeddd2ba2e3ee45) Importer(815301076,1909f56bfc062723c751e8b465ee728b)
Start importing Assets/Scenes/TransitionScene.unity using Guid(5b300fd1b8429b54abeddd2ba2e3ee45) Importer(815301076,1909f56bfc062723c751e8b465ee728b)  -> (artifact id: 'a1858d80c1c976b5172d5cc035b2b58a') in 0.002094 seconds 
  Import took 0.005518 seconds .

========================================================================
Received Import Request.
  Time since last request: 34.644048 seconds.
  path: Assets/Art/loading/loading_spritesheet.png
  artifactKey: Guid(0decc7b83b90afb44a70cadd86bac94e) Importer(815301076,1909f56bfc062723c751e8b465ee728b)
Start importing Assets/Art/loading/loading_spritesheet.png using Guid(0decc7b83b90afb44a70cadd86bac94e) Importer(815301076,1909f56bfc062723c751e8b465ee728b)  -> (artifact id: '7a9ecedc60e4add278810303711521d8') in 0.057956 seconds 
  Import took 0.061129 seconds .

========================================================================
Received Import Request.
  Time since last request: 21.789856 seconds.
  path: Assets/Art/loading/loading_spritesheet.png
  artifactKey: Guid(0decc7b83b90afb44a70cadd86bac94e) Importer(815301076,1909f56bfc062723c751e8b465ee728b)
Start importing Assets/Art/loading/loading_spritesheet.png using Guid(0decc7b83b90afb44a70cadd86bac94e) Importer(815301076,1909f56bfc062723c751e8b465ee728b)  -> (artifact id: '28e351929c2fb47ad16967e5f064f7e4') in 0.081430 seconds 
  Import took 0.084385 seconds .

========================================================================
Received Import Request.
  Time since last request: 69.068697 seconds.
  path: Assets/Scenes/TransitionScene.unity
  artifactKey: Guid(5b300fd1b8429b54abeddd2ba2e3ee45) Importer(815301076,1909f56bfc062723c751e8b465ee728b)
Start importing Assets/Scenes/TransitionScene.unity using Guid(5b300fd1b8429b54abeddd2ba2e3ee45) Importer(815301076,1909f56bfc062723c751e8b465ee728b)  -> (artifact id: '6ac0f40403e5dc907f18bf108817ff26') in 0.002119 seconds 
  Import took 0.005470 seconds .

========================================================================
Received Import Request.
  Time since last request: 17.465938 seconds.
  path: Assets/Scenes/MenuScene.unity
  artifactKey: Guid(1738f05271d606740bf55f2a931d36ed) Importer(815301076,1909f56bfc062723c751e8b465ee728b)
Start importing Assets/Scenes/MenuScene.unity using Guid(1738f05271d606740bf55f2a931d36ed) Importer(815301076,1909f56bfc062723c751e8b465ee728b)  -> (artifact id: 'e48428d4ea10aad6b7e64107dd1fff21') in 0.002945 seconds 
  Import took 0.007189 seconds .

========================================================================
Received Import Request.
  Time since last request: 27.540036 seconds.
  path: Assets/Scenes/TransitionScene.unity
  artifactKey: Guid(5b300fd1b8429b54abeddd2ba2e3ee45) Importer(815301076,1909f56bfc062723c751e8b465ee728b)
Start importing Assets/Scenes/TransitionScene.unity using Guid(5b300fd1b8429b54abeddd2ba2e3ee45) Importer(815301076,1909f56bfc062723c751e8b465ee728b)  -> (artifact id: '33e0ca4d79f67319a7823fa9461870f1') in 0.002727 seconds 
  Import took 0.006713 seconds .

========================================================================
Received Import Request.
  Time since last request: 10.599099 seconds.
  path: Assets/Scenes/TransitionScene.unity
  artifactKey: Guid(5b300fd1b8429b54abeddd2ba2e3ee45) Importer(815301076,1909f56bfc062723c751e8b465ee728b)
Start importing Assets/Scenes/TransitionScene.unity using Guid(5b300fd1b8429b54abeddd2ba2e3ee45) Importer(815301076,1909f56bfc062723c751e8b465ee728b)  -> (artifact id: '73bd2f04d381f799130df2bc609ed3c2') in 0.001984 seconds 
  Import took 0.005977 seconds .

========================================================================
Received Import Request.
  Time since last request: 11.260995 seconds.
  path: Assets/Scenes/TransitionScene.unity
  artifactKey: Guid(5b300fd1b8429b54abeddd2ba2e3ee45) Importer(815301076,1909f56bfc062723c751e8b465ee728b)
Start importing Assets/Scenes/TransitionScene.unity using Guid(5b300fd1b8429b54abeddd2ba2e3ee45) Importer(815301076,1909f56bfc062723c751e8b465ee728b)  -> (artifact id: 'ade0437866be45f029120ec0c26c2e0a') in 0.002984 seconds 
  Import took 0.007454 seconds .

========================================================================
Received Import Request.
  Time since last request: 20.831013 seconds.
  path: Assets/Art/loading/life_instinct_function_os.png
  artifactKey: Guid(8bcaf07e899b1ac41adbd27d78f40766) Importer(815301076,1909f56bfc062723c751e8b465ee728b)
Start importing Assets/Art/loading/life_instinct_function_os.png using Guid(8bcaf07e899b1ac41adbd27d78f40766) Importer(815301076,1909f56bfc062723c751e8b465ee728b)  -> (artifact id: '14bdb4235be3a5c03862f3b5104ae3f9') in 0.006598 seconds 
  Import took 0.009776 seconds .

========================================================================
Received Import Request.
  Time since last request: 0.011331 seconds.
  path: Assets/Art/loading/life_instinct_function_os.png
  artifactKey: Guid(8bcaf07e899b1ac41adbd27d78f40766) Importer(815301076,1909f56bfc062723c751e8b465ee728b)
Start importing Assets/Art/loading/life_instinct_function_os.png using Guid(8bcaf07e899b1ac41adbd27d78f40766) Importer(815301076,1909f56bfc062723c751e8b465ee728b)  -> (artifact id: '14bdb4235be3a5c03862f3b5104ae3f9') in 0.040696 seconds 
  Import took 0.043376 seconds .

========================================================================
Received Import Request.
  Time since last request: 51.204690 seconds.
  path: Assets/Scenes/WinScene.unity
  artifactKey: Guid(0aa4305093377f44d99f8af3dcd363ab) Importer(815301076,1909f56bfc062723c751e8b465ee728b)
Start importing Assets/Scenes/WinScene.unity using Guid(0aa4305093377f44d99f8af3dcd363ab) Importer(815301076,1909f56bfc062723c751e8b465ee728b)  -> (artifact id: 'b5d17f9071de904bc72294cb2b195c16') in 0.003378 seconds 
  Import took 0.007637 seconds .

========================================================================
Received Import Request.
  Time since last request: 2.374957 seconds.
  path: Assets/Scenes/TransitionScene.unity
  artifactKey: Guid(5b300fd1b8429b54abeddd2ba2e3ee45) Importer(815301076,1909f56bfc062723c751e8b465ee728b)
Start importing Assets/Scenes/TransitionScene.unity using Guid(5b300fd1b8429b54abeddd2ba2e3ee45) Importer(815301076,1909f56bfc062723c751e8b465ee728b)  -> (artifact id: '8db8be19830341603c90718c4b4125a5') in 0.002520 seconds 
  Import took 0.006437 seconds .

========================================================================
Received Import Request.
  Time since last request: 15.172251 seconds.
  path: Assets/Prefabs/Button (1).prefab
  artifactKey: Guid(ff061b9b97e526241841175d8a3ffcb2) Importer(815301076,1909f56bfc062723c751e8b465ee728b)
Start importing Assets/Prefabs/Button (1).prefab using Guid(ff061b9b97e526241841175d8a3ffcb2) Importer(815301076,1909f56bfc062723c751e8b465ee728b)  -> (artifact id: '872092094a360c71f45a2517e223661b') in 0.024990 seconds 
  Import took 0.028158 seconds .

========================================================================
Received Import Request.
  Time since last request: 0.000146 seconds.
  path: Assets/Prefabs/Button (2).prefab
  artifactKey: Guid(3aacdc70681cf8a43836828af7c2e669) Importer(815301076,1909f56bfc062723c751e8b465ee728b)
Start importing Assets/Prefabs/Button (2).prefab using Guid(3aacdc70681cf8a43836828af7c2e669) Importer(815301076,1909f56bfc062723c751e8b465ee728b)  -> (artifact id: '752614a33b0cbf204f0bb486124e74dd') in 0.004754 seconds 
  Import took 0.007648 seconds .

========================================================================
Received Import Request.
  Time since last request: 0.000140 seconds.
  path: Assets/Prefabs/Button (4).prefab
  artifactKey: Guid(958c439bb6632ad4284e50197a78cd9f) Importer(815301076,1909f56bfc062723c751e8b465ee728b)
Start importing Assets/Prefabs/Button (4).prefab using Guid(958c439bb6632ad4284e50197a78cd9f) Importer(815301076,1909f56bfc062723c751e8b465ee728b)  -> (artifact id: '4a8a6ba062ddd0a27c1f627a34f907c4') in 0.004703 seconds 
  Import took 0.007678 seconds .

========================================================================
Received Import Request.
  Time since last request: 0.000143 seconds.
  path: Assets/Prefabs/Button (3).prefab
  artifactKey: Guid(1120ad12e1e2e41409fbce400f4e45ba) Importer(815301076,1909f56bfc062723c751e8b465ee728b)
Start importing Assets/Prefabs/Button (3).prefab using Guid(1120ad12e1e2e41409fbce400f4e45ba) Importer(815301076,1909f56bfc062723c751e8b465ee728b)  -> (artifact id: '3194c27f07cc2c2635fdca0283151b14') in 0.004733 seconds 
  Import took 0.007773 seconds .

========================================================================
Received Prepare
Registering precompiled user dll's ...
Registered in 0.003938 seconds.
Begin MonoManager ReloadAssembly
Native extension for WindowsStandalone target not found
Refreshing native plugins compatible for Editor in 0.42 ms, found 3 plugins.
Preloading 0 native plugins for Editor in 0.00 ms.
Mono: successfully reloaded assembly
- Completed reload, in  0.839 seconds
Platform modules already initialized, skipping
Refreshing native plugins compatible for Editor in 0.40 ms, found 3 plugins.
Preloading 0 native plugins for Editor in 0.00 ms.
Unloading 2088 Unused Serialized files (Serialized files now loaded: 0)
System memory in use before: 96.7 MB.
System memory in use after: 96.6 MB.

Unloading 21 unused Assets to reduce memory usage. Loaded Objects now: 2544.
Total: 1.781500 ms (FindLiveObjects: 0.169800 ms CreateObjectMapping: 0.066400 ms MarkObjects: 1.465700 ms  DeleteObjects: 0.078700 ms)

AssetImportParameters requested are different than current active one (requested -> active):
  custom:framework-win-MediaFoundation: 216162199b28c13a410421893ffa2e32 -> 
  custom:video-decoder-ogg-theora: a1e56fd34408186e4bbccfd4996cb3dc -> 
  custom:container-muxer-webm: aa71ff27fc2769a1b78a27578f13a17b -> 
  custom:container-demuxer-webm: 4f35f7cbe854078d1ac9338744f61a02 -> 
  custom:container-demuxer-ogg: 62fdf1f143b41e24485cea50d1cbac27 -> 
  custom:video-encoder-webm-vp8: eb34c28f22e8b96e1ab97ce403110664 -> 
  custom:video-codec-MediaFoundation-h265: 746d11721c4dcdbdad8f713fa42b33f4 -> 
  custom:video-decoder-webm-vp8: 9c59270c3fd7afecdb556c50c9e8de78 -> 
  custom:audio-decoder-ogg-vorbis: bf7c407c2cedff20999df2af8eb42d56 -> 
  custom:audio-encoder-webm-vorbis: bf7c407c2cedff20999df2af8eb42d56 -> 
========================================================================
Received Prepare
Registering precompiled user dll's ...
Registered in 0.003989 seconds.
Begin MonoManager ReloadAssembly
Native extension for WindowsStandalone target not found
Refreshing native plugins compatible for Editor in 0.40 ms, found 3 plugins.
Preloading 0 native plugins for Editor in 0.00 ms.
Mono: successfully reloaded assembly
- Completed reload, in  0.800 seconds
Platform modules already initialized, skipping
Refreshing native plugins compatible for Editor in 0.41 ms, found 3 plugins.
Preloading 0 native plugins for Editor in 0.00 ms.
Unloading 2088 Unused Serialized files (Serialized files now loaded: 0)
System memory in use before: 96.7 MB.
System memory in use after: 96.7 MB.

Unloading 21 unused Assets to reduce memory usage. Loaded Objects now: 2548.
Total: 1.745900 ms (FindLiveObjects: 0.157100 ms CreateObjectMapping: 0.067400 ms MarkObjects: 1.442900 ms  DeleteObjects: 0.077800 ms)

AssetImportParameters requested are different than current active one (requested -> active):
  custom:framework-win-MediaFoundation: 216162199b28c13a410421893ffa2e32 -> 
  custom:video-decoder-ogg-theora: a1e56fd34408186e4bbccfd4996cb3dc -> 
  custom:container-muxer-webm: aa71ff27fc2769a1b78a27578f13a17b -> 
  custom:container-demuxer-webm: 4f35f7cbe854078d1ac9338744f61a02 -> 
  custom:container-demuxer-ogg: 62fdf1f143b41e24485cea50d1cbac27 -> 
  custom:video-encoder-webm-vp8: eb34c28f22e8b96e1ab97ce403110664 -> 
  custom:video-codec-MediaFoundation-h265: 746d11721c4dcdbdad8f713fa42b33f4 -> 
  custom:video-decoder-webm-vp8: 9c59270c3fd7afecdb556c50c9e8de78 -> 
  custom:audio-decoder-ogg-vorbis: bf7c407c2cedff20999df2af8eb42d56 -> 
  custom:audio-encoder-webm-vorbis: bf7c407c2cedff20999df2af8eb42d56 -> 
========================================================================
Received Prepare
Registering precompiled user dll's ...
Registered in 0.003799 seconds.
Begin MonoManager ReloadAssembly
Native extension for WindowsStandalone target not found
Refreshing native plugins compatible for Editor in 0.39 ms, found 3 plugins.
Preloading 0 native plugins for Editor in 0.00 ms.
Mono: successfully reloaded assembly
- Completed reload, in  0.808 seconds
Platform modules already initialized, skipping
Refreshing native plugins compatible for Editor in 0.39 ms, found 3 plugins.
Preloading 0 native plugins for Editor in 0.00 ms.
Unloading 2088 Unused Serialized files (Serialized files now loaded: 0)
System memory in use before: 96.7 MB.
System memory in use after: 96.7 MB.

Unloading 21 unused Assets to reduce memory usage. Loaded Objects now: 2552.
Total: 1.770100 ms (FindLiveObjects: 0.165300 ms CreateObjectMapping: 0.064600 ms MarkObjects: 1.461600 ms  DeleteObjects: 0.077800 ms)

AssetImportParameters requested are different than current active one (requested -> active):
  custom:framework-win-MediaFoundation: 216162199b28c13a410421893ffa2e32 -> 
  custom:video-decoder-ogg-theora: a1e56fd34408186e4bbccfd4996cb3dc -> 
  custom:container-muxer-webm: aa71ff27fc2769a1b78a27578f13a17b -> 
  custom:container-demuxer-webm: 4f35f7cbe854078d1ac9338744f61a02 -> 
  custom:container-demuxer-ogg: 62fdf1f143b41e24485cea50d1cbac27 -> 
  custom:video-encoder-webm-vp8: eb34c28f22e8b96e1ab97ce403110664 -> 
  custom:video-codec-MediaFoundation-h265: 746d11721c4dcdbdad8f713fa42b33f4 -> 
  custom:video-decoder-webm-vp8: 9c59270c3fd7afecdb556c50c9e8de78 -> 
  custom:audio-decoder-ogg-vorbis: bf7c407c2cedff20999df2af8eb42d56 -> 
  custom:audio-encoder-webm-vorbis: bf7c407c2cedff20999df2af8eb42d56 -> 
